0 info it worked if it ends with ok
1 verbose cli [ 'node', '/Users/haohuang/.nvm/v0.10.33/bin/npm', 'run', 'dev' ]
2 info using npm@2.1.7
3 info using node@v0.10.33
4 verbose run-script [ 'predev', 'dev', 'postdev' ]
5 info predev onscreentoday@2.0.0
6 info dev onscreentoday@2.0.0
7 verbose unsafe-perm in lifecycle true
8 info onscreentoday@2.0.0 Failed to exec dev script
9 verbose stack Error: onscreentoday@2.0.0 dev: `NODE_ENV=development DEBUG=onscreentoday node index`
9 verbose stack Exit status 8
9 verbose stack     at ChildProcess.<anonymous> (/Users/haohuang/.nvm/v0.10.33/lib/node_modules/npm/lib/utils/lifecycle.js:212:16)
9 verbose stack     at ChildProcess.emit (events.js:98:17)
9 verbose stack     at maybeClose (child_process.js:756:16)
9 verbose stack     at Process.ChildProcess._handle.onexit (child_process.js:823:5)
10 verbose pkgid onscreentoday@2.0.0
11 verbose cwd /Users/haohuang/Documents/Study/OnlineCourse/WebDev/Projects/screen-client-2
12 error Darwin 13.4.0
13 error argv "node" "/Users/haohuang/.nvm/v0.10.33/bin/npm" "run" "dev"
14 error node v0.10.33
15 error npm  v2.1.7
16 error code ELIFECYCLE
17 error onscreentoday@2.0.0 dev: `NODE_ENV=development DEBUG=onscreentoday node index`
17 error Exit status 8
18 error Failed at the onscreentoday@2.0.0 dev script.
18 error This is most likely a problem with the onscreentoday package,
18 error not with npm itself.
18 error Tell the author that this fails on your system:
18 error     NODE_ENV=development DEBUG=onscreentoday node index
18 error You can get their info via:
18 error     npm owner ls onscreentoday
18 error There is likely additional logging output above.
19 verbose exit [ 1, true ]
